{"level":"info","message":"server running on port :3200"}
{"level":"info","message":"server running on port :3200"}
{"level":"info","message":"Starting a mysql pool with 13 connections.","target":"quaint::pooled","timestamp":"2024-04-28T22:40:52.474Z"}
{"level":"info","message":{"duration":4,"params":"[\"rusnanda@gmail.com\",1,0]","query":"SELECT `website-daily-activity`.`user`.`id`, `website-daily-activity`.`user`.`username`, `website-daily-activity`.`user`.`password` FROM `website-daily-activity`.`user` WHERE `website-daily-activity`.`user`.`username` = ? LIMIT ? OFFSET ?","target":"quaint::connector::metrics","timestamp":"2024-04-28T22:40:52.486Z"}}
{"level":"info","message":{"duration":1,"params":"[1]","query":"SELECT `website-daily-activity`.`activity`.`id`, `website-daily-activity`.`activity`.`details` FROM `website-daily-activity`.`activity` WHERE `website-daily-activity`.`activity`.`user_id` = ?","target":"quaint::connector::metrics","timestamp":"2024-04-28T22:40:58.205Z"}}
{"level":"info","message":{"duration":0,"params":"[]","query":"SELECT 1","target":"quaint::connector::metrics","timestamp":"2024-04-28T22:41:21.506Z"}}
{"level":"info","message":{"duration":0,"params":"[\"mandi pake air dingin\"]","query":"SELECT COUNT(*) FROM (SELECT `website-daily-activity`.`activity`.`id` FROM `website-daily-activity`.`activity` WHERE `website-daily-activity`.`activity`.`details` = ?) AS `sub`","target":"quaint::connector::metrics","timestamp":"2024-04-28T22:41:21.507Z"}}
{"level":"info","message":"server running on port :3200"}
{"level":"info","message":"server running on port :3200"}
{"level":"info","message":"Starting a mysql pool with 13 connections.","target":"quaint::pooled","timestamp":"2024-04-28T22:43:04.651Z"}
{"level":"info","message":{"duration":0,"params":"[\"mandi pake air dingin\",1]","query":"SELECT COUNT(*) FROM (SELECT `website-daily-activity`.`activity`.`id` FROM `website-daily-activity`.`activity` WHERE (`website-daily-activity`.`activity`.`details` = ? AND `website-daily-activity`.`activity`.`user_id` = ?)) AS `sub`","target":"quaint::connector::metrics","timestamp":"2024-04-28T22:43:04.657Z"}}
{"level":"info","message":{"duration":0,"params":"[]","query":"SELECT `website-daily-activity`.`activity`.`id`, `website-daily-activity`.`activity`.`user_id`, `website-daily-activity`.`activity`.`details` FROM `website-daily-activity`.`activity` WHERE 1=1","target":"quaint::connector::metrics","timestamp":"2024-04-28T22:43:04.659Z"}}
{"level":"info","message":{"duration":0,"params":"[2]","query":"SELECT COUNT(*) FROM (SELECT `website-daily-activity`.`activity`.`id` FROM `website-daily-activity`.`activity` WHERE `website-daily-activity`.`activity`.`id` = ?) AS `sub`","target":"quaint::connector::metrics","timestamp":"2024-04-28T22:43:04.660Z"}}
{"level":"info","message":{"duration":0,"params":"[]","query":"BEGIN","target":"quaint::connector::metrics","timestamp":"2024-04-28T22:43:04.661Z"}}
{"level":"info","message":{"duration":0,"params":"[2,1,\"mandi pake air dingin\"]","query":"INSERT INTO `website-daily-activity`.`activity` (`id`,`user_id`,`details`) VALUES (?,?,?)","target":"quaint::connector::metrics","timestamp":"2024-04-28T22:43:04.661Z"}}
{"level":"info","message":{"duration":0,"params":"[2,1,0]","query":"SELECT `website-daily-activity`.`activity`.`id`, `website-daily-activity`.`activity`.`details` FROM `website-daily-activity`.`activity` WHERE `website-daily-activity`.`activity`.`id` = ? LIMIT ? OFFSET ?","target":"quaint::connector::metrics","timestamp":"2024-04-28T22:43:04.661Z"}}
{"level":"info","message":{"duration":1,"params":"[]","query":"COMMIT","target":"quaint::connector::metrics","timestamp":"2024-04-28T22:43:04.663Z"}}
{"level":"info","message":{"duration":0,"params":"[]","query":"SELECT 1","target":"quaint::connector::metrics","timestamp":"2024-04-28T22:43:42.436Z"}}
{"level":"info","message":{"duration":0,"params":"[\"mandi pake air dingin\",1]","query":"SELECT COUNT(*) FROM (SELECT `website-daily-activity`.`activity`.`id` FROM `website-daily-activity`.`activity` WHERE (`website-daily-activity`.`activity`.`details` = ? AND `website-daily-activity`.`activity`.`user_id` = ?)) AS `sub`","target":"quaint::connector::metrics","timestamp":"2024-04-28T22:43:42.437Z"}}
{"level":"info","message":{"duration":0,"params":"[\"mandi pake air dingin\",1]","query":"SELECT COUNT(*) FROM (SELECT `website-daily-activity`.`activity`.`id` FROM `website-daily-activity`.`activity` WHERE (`website-daily-activity`.`activity`.`details` = ? AND `website-daily-activity`.`activity`.`user_id` = ?)) AS `sub`","target":"quaint::connector::metrics","timestamp":"2024-04-28T22:43:43.551Z"}}
{"level":"info","message":"server running on port :3200"}
{"level":"info","message":"Starting a mysql pool with 13 connections.","target":"quaint::pooled","timestamp":"2024-04-28T22:44:48.127Z"}
{"level":"info","message":{"duration":0,"params":"[\"mandi pake air dingins\",1]","query":"SELECT COUNT(*) FROM (SELECT `website-daily-activity`.`activity`.`id` FROM `website-daily-activity`.`activity` WHERE (`website-daily-activity`.`activity`.`details` = ? AND `website-daily-activity`.`activity`.`user_id` = ?)) AS `sub`","target":"quaint::connector::metrics","timestamp":"2024-04-28T22:44:48.133Z"}}
{"level":"info","message":{"duration":0,"params":"[]","query":"SELECT `website-daily-activity`.`activity`.`id`, `website-daily-activity`.`activity`.`user_id`, `website-daily-activity`.`activity`.`details` FROM `website-daily-activity`.`activity` WHERE 1=1","target":"quaint::connector::metrics","timestamp":"2024-04-28T22:44:48.135Z"}}
{"level":"info","message":{"duration":0,"params":"[3]","query":"SELECT COUNT(*) FROM (SELECT `website-daily-activity`.`activity`.`id` FROM `website-daily-activity`.`activity` WHERE `website-daily-activity`.`activity`.`id` = ?) AS `sub`","target":"quaint::connector::metrics","timestamp":"2024-04-28T22:44:48.136Z"}}
{"level":"info","message":{"duration":0,"params":"[]","query":"BEGIN","target":"quaint::connector::metrics","timestamp":"2024-04-28T22:44:48.137Z"}}
{"level":"info","message":{"duration":1,"params":"[3,1,\"mandi pake air dingins\"]","query":"INSERT INTO `website-daily-activity`.`activity` (`id`,`user_id`,`details`) VALUES (?,?,?)","target":"quaint::connector::metrics","timestamp":"2024-04-28T22:44:48.139Z"}}
{"level":"info","message":{"duration":0,"params":"[3,1,0]","query":"SELECT `website-daily-activity`.`activity`.`id`, `website-daily-activity`.`activity`.`details` FROM `website-daily-activity`.`activity` WHERE `website-daily-activity`.`activity`.`id` = ? LIMIT ? OFFSET ?","target":"quaint::connector::metrics","timestamp":"2024-04-28T22:44:48.140Z"}}
{"level":"info","message":{"duration":0,"params":"[]","query":"COMMIT","target":"quaint::connector::metrics","timestamp":"2024-04-28T22:44:48.140Z"}}
{"level":"info","message":{"duration":0,"params":"[1]","query":"SELECT `website-daily-activity`.`activity`.`id`, `website-daily-activity`.`activity`.`details` FROM `website-daily-activity`.`activity` WHERE `website-daily-activity`.`activity`.`user_id` = ?","target":"quaint::connector::metrics","timestamp":"2024-04-28T22:44:57.011Z"}}
{"level":"info","message":"server running on port :3200"}
{"level":"info","message":"Starting a mysql pool with 13 connections.","target":"quaint::pooled","timestamp":"2024-04-28T22:46:06.945Z"}
{"level":"info","message":{"duration":0,"params":"[3,1]","query":"SELECT COUNT(*) FROM (SELECT `website-daily-activity`.`activity`.`id` FROM `website-daily-activity`.`activity` WHERE (`website-daily-activity`.`activity`.`id` = ? AND `website-daily-activity`.`activity`.`user_id` = ?)) AS `sub`","target":"quaint::connector::metrics","timestamp":"2024-04-28T22:46:06.951Z"}}
{"level":"info","message":{"duration":0,"params":"[]","query":"BEGIN","target":"quaint::connector::metrics","timestamp":"2024-04-28T22:46:06.952Z"}}
{"level":"info","message":{"duration":0,"params":"[3,1,1,0]","query":"SELECT `website-daily-activity`.`activity`.`id`, `website-daily-activity`.`activity`.`details` FROM `website-daily-activity`.`activity` WHERE (`website-daily-activity`.`activity`.`id` = ? AND `website-daily-activity`.`activity`.`user_id` = ?) LIMIT ? OFFSET ?","target":"quaint::connector::metrics","timestamp":"2024-04-28T22:46:06.953Z"}}
{"level":"info","message":{"duration":1,"params":"[3,1]","query":"DELETE FROM `website-daily-activity`.`activity` WHERE (`website-daily-activity`.`activity`.`id` = ? AND `website-daily-activity`.`activity`.`user_id` = ?)","target":"quaint::connector::metrics","timestamp":"2024-04-28T22:46:06.954Z"}}
{"level":"info","message":{"duration":0,"params":"[]","query":"COMMIT","target":"quaint::connector::metrics","timestamp":"2024-04-28T22:46:06.955Z"}}
{"level":"info","message":{"duration":0,"params":"[1]","query":"SELECT `website-daily-activity`.`activity`.`id`, `website-daily-activity`.`activity`.`details` FROM `website-daily-activity`.`activity` WHERE `website-daily-activity`.`activity`.`user_id` = ?","target":"quaint::connector::metrics","timestamp":"2024-04-28T22:46:12.447Z"}}
{"level":"info","message":{"duration":0,"params":"[]","query":"SELECT 1","target":"quaint::connector::metrics","timestamp":"2024-04-28T22:46:28.623Z"}}
{"level":"info","message":{"duration":0,"params":"[1,1]","query":"SELECT COUNT(*) FROM (SELECT `website-daily-activity`.`activity`.`id` FROM `website-daily-activity`.`activity` WHERE (`website-daily-activity`.`activity`.`id` = ? AND `website-daily-activity`.`activity`.`user_id` = ?)) AS `sub`","target":"quaint::connector::metrics","timestamp":"2024-04-28T22:46:28.623Z"}}
{"level":"info","message":"server running on port :3200"}
{"level":"info","message":"server running on port :3200"}
{"level":"info","message":"server running on port :3200"}
{"level":"info","message":"server running on port :3200"}
{"level":"info","message":"server running on port :3200"}
{"level":"info","message":"server running on port :3200"}
{"level":"info","message":"server running on port :3200"}
{"level":"info","message":"server running on port :3200"}
{"level":"info","message":"server running on port :3200"}
{"level":"info","message":"Starting a mysql pool with 13 connections.","target":"quaint::pooled","timestamp":"2024-04-28T23:05:24.655Z"}
{"level":"info","message":{"duration":4,"params":"[\"rusnanda@gmail.com\",1,0]","query":"SELECT `website-daily-activity`.`admin`.`id`, `website-daily-activity`.`admin`.`username`, `website-daily-activity`.`admin`.`password` FROM `website-daily-activity`.`admin` WHERE `website-daily-activity`.`admin`.`username` = ? LIMIT ? OFFSET ?","target":"quaint::connector::metrics","timestamp":"2024-04-28T23:05:24.666Z"}}
{"level":"info","message":"server running on port :3200"}
{"level":"info","message":"server running on port :3200"}
{"level":"info","message":"server running on port :3200"}
{"level":"info","message":"server running on port :3200"}
{"level":"info","message":"server running on port :3200"}
{"level":"info","message":"server running on port :3200"}
{"level":"info","message":"server running on port :3200"}
{"level":"info","message":"server running on port :3200"}
{"level":"info","message":"server running on port :3200"}
{"level":"info","message":"server running on port :3200"}
{"level":"info","message":"server running on port :3200"}
{"level":"info","message":"server running on port :3200"}
{"level":"info","message":"server running on port :3200"}
{"level":"info","message":"Starting a mysql pool with 13 connections.","target":"quaint::pooled","timestamp":"2024-04-28T23:14:19.348Z"}
{"level":"info","message":{"duration":0,"params":"[1,1,0]","query":"SELECT `website-daily-activity`.`admin`.`id`, `website-daily-activity`.`admin`.`username` FROM `website-daily-activity`.`admin` WHERE `website-daily-activity`.`admin`.`id` = ? LIMIT ? OFFSET ?","target":"quaint::connector::metrics","timestamp":"2024-04-28T23:14:19.355Z"}}
{"level":"info","message":"server running on port :3200"}
{"level":"info","message":"server running on port :3200"}
{"level":"info","message":"server running on port :3200"}
{"level":"info","message":"server running on port :3200"}
{"level":"info","message":"server running on port :3200"}
{"level":"info","message":"server running on port :3200"}
{"level":"info","message":"server running on port :3200"}
{"level":"info","message":"server running on port :3200"}
{"level":"info","message":"server running on port :3200"}
{"level":"info","message":"Starting a mysql pool with 13 connections.","target":"quaint::pooled","timestamp":"2024-04-28T23:34:52.047Z"}
{"level":"info","message":{"duration":0,"params":"[\"rusnanda@gmail.com\",1,0]","query":"SELECT `website-daily-activity`.`user`.`id`, `website-daily-activity`.`user`.`username`, `website-daily-activity`.`user`.`password` FROM `website-daily-activity`.`user` WHERE `website-daily-activity`.`user`.`username` = ? LIMIT ? OFFSET ?","target":"quaint::connector::metrics","timestamp":"2024-04-28T23:34:52.053Z"}}
{"level":"info","message":{"duration":0,"params":"[1,1,0]","query":"SELECT `website-daily-activity`.`user`.`id`, `website-daily-activity`.`user`.`username`, `website-daily-activity`.`user`.`password` FROM `website-daily-activity`.`user` WHERE `website-daily-activity`.`user`.`id` = ? LIMIT ? OFFSET ?","target":"quaint::connector::metrics","timestamp":"2024-04-28T23:35:04.830Z"}}
{"level":"error","message":"res.status is not a function"}
{"level":"info","message":"server running on port :3200"}
{"level":"info","message":"Starting a mysql pool with 13 connections.","target":"quaint::pooled","timestamp":"2024-04-28T23:35:43.622Z"}
{"level":"info","message":{"duration":0,"params":"[1,1,0]","query":"SELECT `website-daily-activity`.`user`.`id`, `website-daily-activity`.`user`.`username`, `website-daily-activity`.`user`.`password` FROM `website-daily-activity`.`user` WHERE `website-daily-activity`.`user`.`id` = ? LIMIT ? OFFSET ?","target":"quaint::connector::metrics","timestamp":"2024-04-28T23:35:43.628Z"}}
{"level":"info","message":"server running on port :3200"}
{"level":"info","message":"Starting a mysql pool with 13 connections.","target":"quaint::pooled","timestamp":"2024-04-28T23:36:10.160Z"}
{"level":"info","message":{"duration":0,"params":"[1,1,0]","query":"SELECT `website-daily-activity`.`user`.`id`, `website-daily-activity`.`user`.`username` FROM `website-daily-activity`.`user` WHERE `website-daily-activity`.`user`.`id` = ? LIMIT ? OFFSET ?","target":"quaint::connector::metrics","timestamp":"2024-04-28T23:36:10.166Z"}}
{"level":"info","message":{"duration":0,"params":"[1,1,0]","query":"SELECT `website-daily-activity`.`user`.`id`, `website-daily-activity`.`user`.`username` FROM `website-daily-activity`.`user` WHERE `website-daily-activity`.`user`.`id` = ? LIMIT ? OFFSET ?","target":"quaint::connector::metrics","timestamp":"2024-04-28T23:36:11.159Z"}}
{"level":"info","message":"server running on port :3200"}
{"level":"info","message":"server running on port :3200"}
{"level":"info","message":"server running on port :3200"}
{"level":"info","message":"server running on port :3200"}
{"level":"info","message":"server running on port :3200"}
{"level":"info","message":"server running on port :3200"}
{"level":"info","message":"server running on port :3200"}
{"level":"info","message":"server running on port :3200"}
{"level":"info","message":"Starting a mysql pool with 13 connections.","target":"quaint::pooled","timestamp":"2024-04-28T23:41:23.362Z"}
{"level":"info","message":{"duration":0,"params":"[\"rusnanda@gmail.com\",1,0]","query":"SELECT `website-daily-activity`.`admin`.`id`, `website-daily-activity`.`admin`.`username`, `website-daily-activity`.`admin`.`password` FROM `website-daily-activity`.`admin` WHERE `website-daily-activity`.`admin`.`username` = ? LIMIT ? OFFSET ?","target":"quaint::connector::metrics","timestamp":"2024-04-28T23:41:23.368Z"}}
{"level":"info","message":{"duration":0,"params":"[]","query":"SELECT 1","target":"quaint::connector::metrics","timestamp":"2024-04-28T23:42:02.173Z"}}
{"level":"info","message":{"duration":0,"params":"[]","query":"SELECT `website-daily-activity`.`user`.`id`, `website-daily-activity`.`user`.`username`, `website-daily-activity`.`user`.`password` FROM `website-daily-activity`.`user` WHERE 1=1","target":"quaint::connector::metrics","timestamp":"2024-04-28T23:42:02.173Z"}}
{"level":"info","message":{"duration":0,"params":"[]","query":"SELECT 1","target":"quaint::connector::metrics","timestamp":"2024-04-28T23:42:18.276Z"}}
{"level":"info","message":{"duration":0,"params":"[]","query":"SELECT `website-daily-activity`.`activity`.`id`, `website-daily-activity`.`activity`.`user_id`, `website-daily-activity`.`activity`.`details` FROM `website-daily-activity`.`activity` WHERE 1=1","target":"quaint::connector::metrics","timestamp":"2024-04-28T23:42:18.277Z"}}
{"level":"info","message":{"duration":0,"params":"[]","query":"SELECT 1","target":"quaint::connector::metrics","timestamp":"2024-04-28T23:42:33.678Z"}}
{"level":"info","message":{"duration":0,"params":"[]","query":"SELECT `website-daily-activity`.`user`.`id`, `website-daily-activity`.`user`.`username`, `website-daily-activity`.`user`.`password` FROM `website-daily-activity`.`user` WHERE 1=1","target":"quaint::connector::metrics","timestamp":"2024-04-28T23:42:33.678Z"}}
{"level":"info","message":"server running on port :3200"}
{"level":"info","message":"Starting a mysql pool with 13 connections.","target":"quaint::pooled","timestamp":"2024-04-28T23:43:10.694Z"}
{"level":"info","message":{"duration":0,"params":"[]","query":"SELECT `website-daily-activity`.`user`.`id`, `website-daily-activity`.`user`.`username` FROM `website-daily-activity`.`user` WHERE 1=1","target":"quaint::connector::metrics","timestamp":"2024-04-28T23:43:10.700Z"}}
{"level":"info","message":{"duration":0,"params":"[]","query":"SELECT `website-daily-activity`.`user`.`id`, `website-daily-activity`.`user`.`username` FROM `website-daily-activity`.`user` WHERE 1=1","target":"quaint::connector::metrics","timestamp":"2024-04-28T23:43:11.654Z"}}
